/*C1*/SET SCHEMA SYSTEM_LOBS
INSERT INTO LOB_IDS VALUES(41,11,0,40)
COMMIT
ALTER SEQUENCE SYSTEM_LOBS.LOB_ID RESTART WITH 42
DELETE FROM BLOCKS WHERE BLOCK_ADDR=40
INSERT INTO BLOCKS VALUES(40,1,0)
INSERT INTO BLOCKS VALUES(41,2147483606,0)
DELETE FROM BLOCKS WHERE BLOCK_ADDR=40
INSERT INTO LOBS VALUES(40,1,0,41)
COMMIT
/*C3*/SET SCHEMA PUBLIC
INSERT INTO CLIENTE VALUES(0,'Cliente',NULL)
INSERT INTO AGENTE VALUES(0,0,NULL,41)
INSERT INTO INFORME VALUES(1,'Nombre','DescLarga',0,'2015-01-11')
INSERT INTO INFORME VALUES(0,'Nombre','DescLarga',0,'2015-01-11')
INSERT INTO CONSULTA VALUES(0,'S',NULL,NULL,NULL,NULL,'DescCorta','DescLarga','2015-01-11')
INSERT INTO TIPO_DESTINO VALUES(0,'NombreCorto','Descripci\u00f3n')
INSERT INTO DESTINO VALUES(0,0,0)
INSERT INTO SNAPSHOT VALUES(0,0,0,0,'2015-01-11')
INSERT INTO PLANIFICACION VALUES(0,'2015-01-11',NULL)
INSERT INTO LINEA_CRON VALUES(0,0,'Descripcion','2015-01-11')
INSERT INTO LINEA_CRON VALUES(1,0,'Descripcion','2015-01-11')
INSERT INTO INF_PLAN_DEST VALUES(0,0,0,0,'2015-01-11','2015-01-11')
INSERT INTO AGENTE_DESTINO VALUES(0,0,0)
INSERT INTO INFORME_INFORME VALUES(1,0)
INSERT INTO CONSULTA_TIPO_DESTINO VALUES(0,0)
SET SCHEMA SYSTEM_LOBS
DELETE FROM LOB_IDS WHERE LOB_ID=41
INSERT INTO LOB_IDS VALUES(41,11,1,40)
COMMIT
SET SCHEMA PUBLIC
DELETE FROM AGENTE_DESTINO WHERE ID_AGENTE=0 AND ID_DESTINO=0 AND ID_CLIENTE=0
DELETE FROM INFORME_INFORME WHERE ID_INFORME_CONTIENE=1 AND ID_INFORME_CONTENIDO=0
DELETE FROM CONSULTA_TIPO_DESTINO WHERE ID_CONSULTA=0 AND ID_TIPO_DESTINO=0
DELETE FROM AGENTE WHERE AGENTE_ID=0
DELETE FROM INF_PLAN_DEST WHERE ID_INFORME=0 AND ID_CLIENTE=0 AND ID_DESTINO=0
DELETE FROM SNAPSHOT WHERE ID_SNAPSHOT=0 AND ID_CLIENTE=0 AND ID_DESTINO=0 AND ID_INFORME=0
DELETE FROM DESTINO WHERE ID_CLIENTE=0 AND ID_DESTINO=0
DELETE FROM CLIENTE WHERE ID_CLIENTE=0
DELETE FROM INFORME WHERE INFO_ID=0
DELETE FROM CONSULTA WHERE CONS_ID=0
DELETE FROM TIPO_DESTINO WHERE ID_TIPO_DESTINO=0
DELETE FROM INFORME WHERE INFO_ID=1
DELETE FROM LINEA_CRON WHERE ID_LINEA_CRON=0
DELETE FROM LINEA_CRON WHERE ID_LINEA_CRON=1
DELETE FROM PLANIFICACION WHERE ID_PLAN=0
SET SCHEMA SYSTEM_LOBS
DELETE FROM LOB_IDS WHERE LOB_ID=41
INSERT INTO LOB_IDS VALUES(41,11,0,40)
COMMIT
/*C1*/INSERT INTO LOB_IDS VALUES(42,11,0,40)
COMMIT
ALTER SEQUENCE SYSTEM_LOBS.LOB_ID RESTART WITH 43
DELETE FROM BLOCKS WHERE BLOCK_ADDR=41
INSERT INTO BLOCKS VALUES(41,1,0)
INSERT INTO BLOCKS VALUES(42,2147483605,0)
DELETE FROM BLOCKS WHERE BLOCK_ADDR=41
INSERT INTO LOBS VALUES(41,1,0,42)
COMMIT
/*C3*/SET SCHEMA PUBLIC
INSERT INTO CLIENTE VALUES(0,'Cliente',NULL)
INSERT INTO AGENTE VALUES(0,0,NULL,42)
INSERT INTO INFORME VALUES(1,'Nombre','DescLarga',0,'2015-01-11')
INSERT INTO INFORME VALUES(0,'Nombre','DescLarga',0,'2015-01-11')
INSERT INTO CONSULTA VALUES(0,'S',NULL,NULL,NULL,NULL,'DescCorta','DescLarga','2015-01-11')
INSERT INTO TIPO_DESTINO VALUES(0,'NombreCorto','Descripci\u00f3n')
INSERT INTO DESTINO VALUES(0,0,0)
INSERT INTO SNAPSHOT VALUES(0,0,0,0,'2015-01-11')
INSERT INTO PLANIFICACION VALUES(0,'2015-01-11',NULL)
INSERT INTO LINEA_CRON VALUES(0,0,'Descripcion','2015-01-11')
INSERT INTO LINEA_CRON VALUES(1,0,'Descripcion','2015-01-11')
INSERT INTO INF_PLAN_DEST VALUES(0,0,0,0,'2015-01-11','2015-01-11')
INSERT INTO AGENTE_DESTINO VALUES(0,0,0)
INSERT INTO INFORME_INFORME VALUES(1,0)
INSERT INTO CONSULTA_TIPO_DESTINO VALUES(0,0)
SET SCHEMA SYSTEM_LOBS
DELETE FROM LOB_IDS WHERE LOB_ID=42
INSERT INTO LOB_IDS VALUES(42,11,1,40)
COMMIT
SET SCHEMA PUBLIC
DELETE FROM AGENTE_DESTINO WHERE ID_AGENTE=0 AND ID_DESTINO=0 AND ID_CLIENTE=0
DELETE FROM INFORME_INFORME WHERE ID_INFORME_CONTIENE=1 AND ID_INFORME_CONTENIDO=0
DELETE FROM CONSULTA_TIPO_DESTINO WHERE ID_CONSULTA=0 AND ID_TIPO_DESTINO=0
DELETE FROM AGENTE WHERE AGENTE_ID=0
DELETE FROM INF_PLAN_DEST WHERE ID_INFORME=0 AND ID_CLIENTE=0 AND ID_DESTINO=0
DELETE FROM SNAPSHOT WHERE ID_SNAPSHOT=0 AND ID_CLIENTE=0 AND ID_DESTINO=0 AND ID_INFORME=0
DELETE FROM DESTINO WHERE ID_CLIENTE=0 AND ID_DESTINO=0
DELETE FROM CLIENTE WHERE ID_CLIENTE=0
DELETE FROM INFORME WHERE INFO_ID=0
DELETE FROM CONSULTA WHERE CONS_ID=0
DELETE FROM TIPO_DESTINO WHERE ID_TIPO_DESTINO=0
DELETE FROM INFORME WHERE INFO_ID=1
DELETE FROM LINEA_CRON WHERE ID_LINEA_CRON=1
DELETE FROM LINEA_CRON WHERE ID_LINEA_CRON=0
DELETE FROM PLANIFICACION WHERE ID_PLAN=0
SET SCHEMA SYSTEM_LOBS
DELETE FROM LOB_IDS WHERE LOB_ID=42
INSERT INTO LOB_IDS VALUES(42,11,0,40)
COMMIT
/*C1*/INSERT INTO LOB_IDS VALUES(43,11,0,40)
COMMIT
ALTER SEQUENCE SYSTEM_LOBS.LOB_ID RESTART WITH 44
DELETE FROM BLOCKS WHERE BLOCK_ADDR=42
INSERT INTO BLOCKS VALUES(42,1,0)
INSERT INTO BLOCKS VALUES(43,2147483604,0)
DELETE FROM BLOCKS WHERE BLOCK_ADDR=42
INSERT INTO LOBS VALUES(42,1,0,43)
COMMIT
/*C3*/SET SCHEMA PUBLIC
INSERT INTO CLIENTE VALUES(0,'Cliente',NULL)
INSERT INTO AGENTE VALUES(0,0,NULL,43)
INSERT INTO INFORME VALUES(1,'Nombre','DescLarga',0,'2015-01-11')
INSERT INTO INFORME VALUES(0,'Nombre','DescLarga',0,'2015-01-11')
INSERT INTO CONSULTA VALUES(0,'S',NULL,NULL,NULL,NULL,'DescCorta','DescLarga','2015-01-11')
INSERT INTO TIPO_DESTINO VALUES(0,'NombreCorto','Descripci\u00f3n')
INSERT INTO DESTINO VALUES(0,0,0)
INSERT INTO SNAPSHOT VALUES(0,0,0,0,'2015-01-11')
INSERT INTO PLANIFICACION VALUES(0,'2015-01-11',NULL)
INSERT INTO LINEA_CRON VALUES(0,0,'Descripcion','2015-01-11')
INSERT INTO LINEA_CRON VALUES(1,0,'Descripcion','2015-01-11')
INSERT INTO INF_PLAN_DEST VALUES(0,0,0,0,'2015-01-11','2015-01-11')
INSERT INTO AGENTE_DESTINO VALUES(0,0,0)
INSERT INTO INFORME_INFORME VALUES(1,0)
INSERT INTO CONSULTA_TIPO_DESTINO VALUES(0,0)
SET SCHEMA SYSTEM_LOBS
DELETE FROM LOB_IDS WHERE LOB_ID=43
INSERT INTO LOB_IDS VALUES(43,11,1,40)
COMMIT
SET SCHEMA PUBLIC
DELETE FROM AGENTE_DESTINO WHERE ID_AGENTE=0 AND ID_DESTINO=0 AND ID_CLIENTE=0
DELETE FROM INFORME_INFORME WHERE ID_INFORME_CONTIENE=1 AND ID_INFORME_CONTENIDO=0
DELETE FROM CONSULTA_TIPO_DESTINO WHERE ID_CONSULTA=0 AND ID_TIPO_DESTINO=0
DELETE FROM AGENTE WHERE AGENTE_ID=0
DELETE FROM INF_PLAN_DEST WHERE ID_INFORME=0 AND ID_CLIENTE=0 AND ID_DESTINO=0
DELETE FROM SNAPSHOT WHERE ID_SNAPSHOT=0 AND ID_CLIENTE=0 AND ID_DESTINO=0 AND ID_INFORME=0
DELETE FROM DESTINO WHERE ID_CLIENTE=0 AND ID_DESTINO=0
DELETE FROM CLIENTE WHERE ID_CLIENTE=0
DELETE FROM INFORME WHERE INFO_ID=0
DELETE FROM CONSULTA WHERE CONS_ID=0
DELETE FROM TIPO_DESTINO WHERE ID_TIPO_DESTINO=0
DELETE FROM INFORME WHERE INFO_ID=1
DELETE FROM LINEA_CRON WHERE ID_LINEA_CRON=1
DELETE FROM LINEA_CRON WHERE ID_LINEA_CRON=0
DELETE FROM PLANIFICACION WHERE ID_PLAN=0
SET SCHEMA SYSTEM_LOBS
DELETE FROM LOB_IDS WHERE LOB_ID=43
INSERT INTO LOB_IDS VALUES(43,11,0,40)
COMMIT
SET SCHEMA PUBLIC
DISCONNECT
/*C1*/INSERT INTO LOB_IDS VALUES(44,11,0,40)
COMMIT
ALTER SEQUENCE SYSTEM_LOBS.LOB_ID RESTART WITH 45
DELETE FROM BLOCKS WHERE BLOCK_ADDR=43
INSERT INTO BLOCKS VALUES(43,1,0)
INSERT INTO BLOCKS VALUES(44,2147483603,0)
DELETE FROM BLOCKS WHERE BLOCK_ADDR=43
INSERT INTO LOBS VALUES(43,1,0,44)
COMMIT
/*C4*/SET SCHEMA PUBLIC
INSERT INTO CLIENTE VALUES(0,'Cliente',NULL)
INSERT INTO AGENTE VALUES(0,0,NULL,44)
INSERT INTO INFORME VALUES(1,'Nombre','DescLarga',0,'2015-01-11')
INSERT INTO INFORME VALUES(0,'Nombre','DescLarga',0,'2015-01-11')
INSERT INTO CONSULTA VALUES(0,'S',NULL,NULL,NULL,NULL,'DescCorta','DescLarga','2015-01-11')
INSERT INTO TIPO_DESTINO VALUES(0,'NombreCorto','Descripci\u00f3n')
INSERT INTO DESTINO VALUES(0,0,0)
INSERT INTO SNAPSHOT VALUES(0,0,0,0,'2015-01-11')
INSERT INTO PLANIFICACION VALUES(0,'2015-01-11',NULL)
INSERT INTO LINEA_CRON VALUES(0,0,'Descripcion','2015-01-11')
INSERT INTO LINEA_CRON VALUES(1,0,'Descripcion','2015-01-11')
INSERT INTO INF_PLAN_DEST VALUES(0,0,0,0,'2015-01-11','2015-01-11')
INSERT INTO AGENTE_DESTINO VALUES(0,0,0)
INSERT INTO INFORME_INFORME VALUES(1,0)
INSERT INTO CONSULTA_TIPO_DESTINO VALUES(0,0)
SET SCHEMA SYSTEM_LOBS
DELETE FROM LOB_IDS WHERE LOB_ID=44
INSERT INTO LOB_IDS VALUES(44,11,1,40)
COMMIT
SET SCHEMA PUBLIC
DELETE FROM AGENTE_DESTINO WHERE ID_AGENTE=0 AND ID_DESTINO=0 AND ID_CLIENTE=0
DELETE FROM INFORME_INFORME WHERE ID_INFORME_CONTIENE=1 AND ID_INFORME_CONTENIDO=0
DELETE FROM CONSULTA_TIPO_DESTINO WHERE ID_CONSULTA=0 AND ID_TIPO_DESTINO=0
DELETE FROM AGENTE WHERE AGENTE_ID=0
DELETE FROM INF_PLAN_DEST WHERE ID_INFORME=0 AND ID_CLIENTE=0 AND ID_DESTINO=0
DELETE FROM SNAPSHOT WHERE ID_SNAPSHOT=0 AND ID_CLIENTE=0 AND ID_DESTINO=0 AND ID_INFORME=0
DELETE FROM DESTINO WHERE ID_CLIENTE=0 AND ID_DESTINO=0
DELETE FROM CLIENTE WHERE ID_CLIENTE=0
DELETE FROM INFORME WHERE INFO_ID=0
DELETE FROM CONSULTA WHERE CONS_ID=0
DELETE FROM TIPO_DESTINO WHERE ID_TIPO_DESTINO=0
DELETE FROM INFORME WHERE INFO_ID=1
DELETE FROM LINEA_CRON WHERE ID_LINEA_CRON=0
DELETE FROM LINEA_CRON WHERE ID_LINEA_CRON=1
DELETE FROM PLANIFICACION WHERE ID_PLAN=0
SET SCHEMA SYSTEM_LOBS
DELETE FROM LOB_IDS WHERE LOB_ID=44
INSERT INTO LOB_IDS VALUES(44,11,0,40)
COMMIT
/*C1*/INSERT INTO LOB_IDS VALUES(45,11,0,40)
COMMIT
ALTER SEQUENCE SYSTEM_LOBS.LOB_ID RESTART WITH 46
DELETE FROM BLOCKS WHERE BLOCK_ADDR=44
INSERT INTO BLOCKS VALUES(44,1,0)
INSERT INTO BLOCKS VALUES(45,2147483602,0)
DELETE FROM BLOCKS WHERE BLOCK_ADDR=44
INSERT INTO LOBS VALUES(44,1,0,45)
COMMIT
/*C4*/SET SCHEMA PUBLIC
INSERT INTO CLIENTE VALUES(0,'Cliente',NULL)
INSERT INTO AGENTE VALUES(0,0,NULL,45)
INSERT INTO INFORME VALUES(1,'Nombre','DescLarga',0,'2015-01-11')
INSERT INTO INFORME VALUES(0,'Nombre','DescLarga',0,'2015-01-11')
INSERT INTO CONSULTA VALUES(0,'S',NULL,NULL,NULL,NULL,'DescCorta','DescLarga','2015-01-11')
INSERT INTO TIPO_DESTINO VALUES(0,'NombreCorto','Descripci\u00f3n')
INSERT INTO DESTINO VALUES(0,0,0)
INSERT INTO SNAPSHOT VALUES(0,0,0,0,'2015-01-11')
INSERT INTO PLANIFICACION VALUES(0,'2015-01-11',NULL)
INSERT INTO LINEA_CRON VALUES(0,0,'Descripcion','2015-01-11')
INSERT INTO LINEA_CRON VALUES(1,0,'Descripcion','2015-01-11')
INSERT INTO INF_PLAN_DEST VALUES(0,0,0,0,'2015-01-11','2015-01-11')
INSERT INTO AGENTE_DESTINO VALUES(0,0,0)
INSERT INTO INFORME_INFORME VALUES(1,0)
INSERT INTO CONSULTA_TIPO_DESTINO VALUES(0,0)
SET SCHEMA SYSTEM_LOBS
DELETE FROM LOB_IDS WHERE LOB_ID=45
INSERT INTO LOB_IDS VALUES(45,11,1,40)
COMMIT
SET SCHEMA PUBLIC
DELETE FROM AGENTE_DESTINO WHERE ID_AGENTE=0 AND ID_DESTINO=0 AND ID_CLIENTE=0
DELETE FROM INFORME_INFORME WHERE ID_INFORME_CONTIENE=1 AND ID_INFORME_CONTENIDO=0
DELETE FROM CONSULTA_TIPO_DESTINO WHERE ID_CONSULTA=0 AND ID_TIPO_DESTINO=0
DELETE FROM AGENTE WHERE AGENTE_ID=0
DELETE FROM INF_PLAN_DEST WHERE ID_INFORME=0 AND ID_CLIENTE=0 AND ID_DESTINO=0
DELETE FROM SNAPSHOT WHERE ID_SNAPSHOT=0 AND ID_CLIENTE=0 AND ID_DESTINO=0 AND ID_INFORME=0
DELETE FROM DESTINO WHERE ID_CLIENTE=0 AND ID_DESTINO=0
DELETE FROM CLIENTE WHERE ID_CLIENTE=0
DELETE FROM INFORME WHERE INFO_ID=0
DELETE FROM CONSULTA WHERE CONS_ID=0
DELETE FROM TIPO_DESTINO WHERE ID_TIPO_DESTINO=0
DELETE FROM INFORME WHERE INFO_ID=1
DELETE FROM LINEA_CRON WHERE ID_LINEA_CRON=1
DELETE FROM LINEA_CRON WHERE ID_LINEA_CRON=0
DELETE FROM PLANIFICACION WHERE ID_PLAN=0
SET SCHEMA SYSTEM_LOBS
DELETE FROM LOB_IDS WHERE LOB_ID=45
INSERT INTO LOB_IDS VALUES(45,11,0,40)
COMMIT
/*C1*/INSERT INTO LOB_IDS VALUES(46,11,0,40)
COMMIT
ALTER SEQUENCE SYSTEM_LOBS.LOB_ID RESTART WITH 47
DELETE FROM BLOCKS WHERE BLOCK_ADDR=45
INSERT INTO BLOCKS VALUES(45,1,0)
INSERT INTO BLOCKS VALUES(46,2147483601,0)
DELETE FROM BLOCKS WHERE BLOCK_ADDR=45
INSERT INTO LOBS VALUES(45,1,0,46)
COMMIT
/*C4*/SET SCHEMA PUBLIC
INSERT INTO CLIENTE VALUES(0,'Cliente',NULL)
INSERT INTO AGENTE VALUES(0,0,NULL,46)
INSERT INTO INFORME VALUES(1,'Nombre','DescLarga',0,'2015-01-11')
INSERT INTO INFORME VALUES(0,'Nombre','DescLarga',0,'2015-01-11')
INSERT INTO CONSULTA VALUES(0,'S',NULL,NULL,NULL,NULL,'DescCorta','DescLarga','2015-01-11')
INSERT INTO TIPO_DESTINO VALUES(0,'NombreCorto','Descripci\u00f3n')
INSERT INTO DESTINO VALUES(0,0,0)
INSERT INTO SNAPSHOT VALUES(0,0,0,0,'2015-01-11')
INSERT INTO PLANIFICACION VALUES(0,'2015-01-11',NULL)
INSERT INTO LINEA_CRON VALUES(0,0,'Descripcion','2015-01-11')
INSERT INTO LINEA_CRON VALUES(1,0,'Descripcion','2015-01-11')
INSERT INTO INF_PLAN_DEST VALUES(0,0,0,0,'2015-01-11','2015-01-11')
INSERT INTO AGENTE_DESTINO VALUES(0,0,0)
INSERT INTO INFORME_INFORME VALUES(1,0)
INSERT INTO CONSULTA_TIPO_DESTINO VALUES(0,0)
SET SCHEMA SYSTEM_LOBS
DELETE FROM LOB_IDS WHERE LOB_ID=46
INSERT INTO LOB_IDS VALUES(46,11,1,40)
COMMIT
SET SCHEMA PUBLIC
DELETE FROM AGENTE_DESTINO WHERE ID_AGENTE=0 AND ID_DESTINO=0 AND ID_CLIENTE=0
DELETE FROM INFORME_INFORME WHERE ID_INFORME_CONTIENE=1 AND ID_INFORME_CONTENIDO=0
DELETE FROM CONSULTA_TIPO_DESTINO WHERE ID_CONSULTA=0 AND ID_TIPO_DESTINO=0
DELETE FROM AGENTE WHERE AGENTE_ID=0
DELETE FROM INF_PLAN_DEST WHERE ID_INFORME=0 AND ID_CLIENTE=0 AND ID_DESTINO=0
DELETE FROM SNAPSHOT WHERE ID_SNAPSHOT=0 AND ID_CLIENTE=0 AND ID_DESTINO=0 AND ID_INFORME=0
DELETE FROM DESTINO WHERE ID_CLIENTE=0 AND ID_DESTINO=0
DELETE FROM CLIENTE WHERE ID_CLIENTE=0
DELETE FROM INFORME WHERE INFO_ID=0
DELETE FROM CONSULTA WHERE CONS_ID=0
DELETE FROM TIPO_DESTINO WHERE ID_TIPO_DESTINO=0
DELETE FROM INFORME WHERE INFO_ID=1
DELETE FROM LINEA_CRON WHERE ID_LINEA_CRON=1
DELETE FROM LINEA_CRON WHERE ID_LINEA_CRON=0
DELETE FROM PLANIFICACION WHERE ID_PLAN=0
SET SCHEMA SYSTEM_LOBS
DELETE FROM LOB_IDS WHERE LOB_ID=46
INSERT INTO LOB_IDS VALUES(46,11,0,40)
COMMIT
SET SCHEMA PUBLIC
DISCONNECT
/*C1*/INSERT INTO LOB_IDS VALUES(47,11,0,40)
COMMIT
ALTER SEQUENCE SYSTEM_LOBS.LOB_ID RESTART WITH 48
DELETE FROM BLOCKS WHERE BLOCK_ADDR=46
INSERT INTO BLOCKS VALUES(46,1,0)
INSERT INTO BLOCKS VALUES(47,2147483600,0)
DELETE FROM BLOCKS WHERE BLOCK_ADDR=46
INSERT INTO LOBS VALUES(46,1,0,47)
COMMIT
/*C5*/SET SCHEMA PUBLIC
INSERT INTO CLIENTE VALUES(0,'Cliente',NULL)
INSERT INTO AGENTE VALUES(0,0,NULL,47)
INSERT INTO INFORME VALUES(1,'Nombre','DescLarga',0,'2015-01-11')
INSERT INTO INFORME VALUES(0,'Nombre','DescLarga',0,'2015-01-11')
INSERT INTO CONSULTA VALUES(0,'S',NULL,NULL,NULL,NULL,'DescCorta','DescLarga','2015-01-11')
INSERT INTO TIPO_DESTINO VALUES(0,'NombreCorto','Descripci\u00f3n')
INSERT INTO DESTINO VALUES(0,0,0)
INSERT INTO SNAPSHOT VALUES(0,0,0,0,'2015-01-11')
INSERT INTO PLANIFICACION VALUES(0,'2015-01-11',NULL)
INSERT INTO LINEA_CRON VALUES(0,0,'Descripcion','2015-01-11')
INSERT INTO LINEA_CRON VALUES(1,0,'Descripcion','2015-01-11')
INSERT INTO INF_PLAN_DEST VALUES(0,0,0,0,'2015-01-11','2015-01-11')
INSERT INTO AGENTE_DESTINO VALUES(0,0,0)
INSERT INTO INFORME_INFORME VALUES(1,0)
INSERT INTO CONSULTA_TIPO_DESTINO VALUES(0,0)
SET SCHEMA SYSTEM_LOBS
DELETE FROM LOB_IDS WHERE LOB_ID=47
INSERT INTO LOB_IDS VALUES(47,11,1,40)
COMMIT
SET SCHEMA PUBLIC
DELETE FROM AGENTE_DESTINO WHERE ID_AGENTE=0 AND ID_DESTINO=0 AND ID_CLIENTE=0
DELETE FROM INFORME_INFORME WHERE ID_INFORME_CONTIENE=1 AND ID_INFORME_CONTENIDO=0
DELETE FROM CONSULTA_TIPO_DESTINO WHERE ID_CONSULTA=0 AND ID_TIPO_DESTINO=0
DELETE FROM AGENTE WHERE AGENTE_ID=0
DELETE FROM INF_PLAN_DEST WHERE ID_INFORME=0 AND ID_CLIENTE=0 AND ID_DESTINO=0
DELETE FROM SNAPSHOT WHERE ID_SNAPSHOT=0 AND ID_CLIENTE=0 AND ID_DESTINO=0 AND ID_INFORME=0
DELETE FROM DESTINO WHERE ID_CLIENTE=0 AND ID_DESTINO=0
DELETE FROM CLIENTE WHERE ID_CLIENTE=0
DELETE FROM INFORME WHERE INFO_ID=0
DELETE FROM CONSULTA WHERE CONS_ID=0
DELETE FROM TIPO_DESTINO WHERE ID_TIPO_DESTINO=0
DELETE FROM INFORME WHERE INFO_ID=1
DELETE FROM LINEA_CRON WHERE ID_LINEA_CRON=1
DELETE FROM LINEA_CRON WHERE ID_LINEA_CRON=0
DELETE FROM PLANIFICACION WHERE ID_PLAN=0
SET SCHEMA SYSTEM_LOBS
DELETE FROM LOB_IDS WHERE LOB_ID=47
INSERT INTO LOB_IDS VALUES(47,11,0,40)
COMMIT
/*C1*/INSERT INTO LOB_IDS VALUES(48,11,0,40)
COMMIT
ALTER SEQUENCE SYSTEM_LOBS.LOB_ID RESTART WITH 49
DELETE FROM BLOCKS WHERE BLOCK_ADDR=47
INSERT INTO BLOCKS VALUES(47,1,0)
INSERT INTO BLOCKS VALUES(48,2147483599,0)
DELETE FROM BLOCKS WHERE BLOCK_ADDR=47
INSERT INTO LOBS VALUES(47,1,0,48)
COMMIT
/*C5*/SET SCHEMA PUBLIC
INSERT INTO CLIENTE VALUES(0,'Cliente',NULL)
INSERT INTO AGENTE VALUES(0,0,NULL,48)
INSERT INTO INFORME VALUES(1,'Nombre','DescLarga',0,'2015-01-11')
INSERT INTO INFORME VALUES(0,'Nombre','DescLarga',0,'2015-01-11')
INSERT INTO CONSULTA VALUES(0,'S',NULL,NULL,NULL,NULL,'DescCorta','DescLarga','2015-01-11')
INSERT INTO TIPO_DESTINO VALUES(0,'NombreCorto','Descripci\u00f3n')
INSERT INTO DESTINO VALUES(0,0,0)
INSERT INTO SNAPSHOT VALUES(0,0,0,0,'2015-01-11')
INSERT INTO PLANIFICACION VALUES(0,'2015-01-11',NULL)
INSERT INTO LINEA_CRON VALUES(0,0,'Descripcion','2015-01-11')
INSERT INTO LINEA_CRON VALUES(1,0,'Descripcion','2015-01-11')
INSERT INTO INF_PLAN_DEST VALUES(0,0,0,0,'2015-01-11','2015-01-11')
INSERT INTO AGENTE_DESTINO VALUES(0,0,0)
INSERT INTO INFORME_INFORME VALUES(1,0)
INSERT INTO CONSULTA_TIPO_DESTINO VALUES(0,0)
SET SCHEMA SYSTEM_LOBS
DELETE FROM LOB_IDS WHERE LOB_ID=48
INSERT INTO LOB_IDS VALUES(48,11,1,40)
COMMIT
SET SCHEMA PUBLIC
DELETE FROM AGENTE_DESTINO WHERE ID_AGENTE=0 AND ID_DESTINO=0 AND ID_CLIENTE=0
DELETE FROM INFORME_INFORME WHERE ID_INFORME_CONTIENE=1 AND ID_INFORME_CONTENIDO=0
DELETE FROM CONSULTA_TIPO_DESTINO WHERE ID_CONSULTA=0 AND ID_TIPO_DESTINO=0
DELETE FROM AGENTE WHERE AGENTE_ID=0
DELETE FROM INF_PLAN_DEST WHERE ID_INFORME=0 AND ID_CLIENTE=0 AND ID_DESTINO=0
DELETE FROM SNAPSHOT WHERE ID_SNAPSHOT=0 AND ID_CLIENTE=0 AND ID_DESTINO=0 AND ID_INFORME=0
DELETE FROM DESTINO WHERE ID_CLIENTE=0 AND ID_DESTINO=0
DELETE FROM CLIENTE WHERE ID_CLIENTE=0
DELETE FROM INFORME WHERE INFO_ID=0
DELETE FROM CONSULTA WHERE CONS_ID=0
DELETE FROM TIPO_DESTINO WHERE ID_TIPO_DESTINO=0
DELETE FROM INFORME WHERE INFO_ID=1
DELETE FROM LINEA_CRON WHERE ID_LINEA_CRON=0
DELETE FROM LINEA_CRON WHERE ID_LINEA_CRON=1
DELETE FROM PLANIFICACION WHERE ID_PLAN=0
SET SCHEMA SYSTEM_LOBS
DELETE FROM LOB_IDS WHERE LOB_ID=48
INSERT INTO LOB_IDS VALUES(48,11,0,40)
COMMIT
/*C1*/INSERT INTO LOB_IDS VALUES(49,11,0,40)
COMMIT
ALTER SEQUENCE SYSTEM_LOBS.LOB_ID RESTART WITH 50
DELETE FROM BLOCKS WHERE BLOCK_ADDR=48
INSERT INTO BLOCKS VALUES(48,1,0)
INSERT INTO BLOCKS VALUES(49,2147483598,0)
DELETE FROM BLOCKS WHERE BLOCK_ADDR=48
INSERT INTO LOBS VALUES(48,1,0,49)
COMMIT
/*C5*/SET SCHEMA PUBLIC
INSERT INTO CLIENTE VALUES(0,'Cliente',NULL)
INSERT INTO AGENTE VALUES(0,0,NULL,49)
INSERT INTO INFORME VALUES(1,'Nombre','DescLarga',0,'2015-01-11')
INSERT INTO INFORME VALUES(0,'Nombre','DescLarga',0,'2015-01-11')
INSERT INTO CONSULTA VALUES(0,'S',NULL,NULL,NULL,NULL,'DescCorta','DescLarga','2015-01-11')
INSERT INTO TIPO_DESTINO VALUES(0,'NombreCorto','Descripci\u00f3n')
INSERT INTO DESTINO VALUES(0,0,0)
INSERT INTO SNAPSHOT VALUES(0,0,0,0,'2015-01-11')
INSERT INTO PLANIFICACION VALUES(0,'2015-01-11',NULL)
INSERT INTO LINEA_CRON VALUES(0,0,'Descripcion','2015-01-11')
INSERT INTO LINEA_CRON VALUES(1,0,'Descripcion','2015-01-11')
INSERT INTO INF_PLAN_DEST VALUES(0,0,0,0,'2015-01-11','2015-01-11')
INSERT INTO AGENTE_DESTINO VALUES(0,0,0)
INSERT INTO INFORME_INFORME VALUES(1,0)
INSERT INTO CONSULTA_TIPO_DESTINO VALUES(0,0)
SET SCHEMA SYSTEM_LOBS
DELETE FROM LOB_IDS WHERE LOB_ID=49
INSERT INTO LOB_IDS VALUES(49,11,1,40)
COMMIT
SET SCHEMA PUBLIC
DELETE FROM AGENTE_DESTINO WHERE ID_AGENTE=0 AND ID_DESTINO=0 AND ID_CLIENTE=0
DELETE FROM INFORME_INFORME WHERE ID_INFORME_CONTIENE=1 AND ID_INFORME_CONTENIDO=0
DELETE FROM CONSULTA_TIPO_DESTINO WHERE ID_CONSULTA=0 AND ID_TIPO_DESTINO=0
DELETE FROM AGENTE WHERE AGENTE_ID=0
DELETE FROM INF_PLAN_DEST WHERE ID_INFORME=0 AND ID_CLIENTE=0 AND ID_DESTINO=0
DELETE FROM SNAPSHOT WHERE ID_SNAPSHOT=0 AND ID_CLIENTE=0 AND ID_DESTINO=0 AND ID_INFORME=0
DELETE FROM DESTINO WHERE ID_CLIENTE=0 AND ID_DESTINO=0
DELETE FROM CLIENTE WHERE ID_CLIENTE=0
DELETE FROM INFORME WHERE INFO_ID=0
DELETE FROM CONSULTA WHERE CONS_ID=0
DELETE FROM TIPO_DESTINO WHERE ID_TIPO_DESTINO=0
DELETE FROM INFORME WHERE INFO_ID=1
DELETE FROM LINEA_CRON WHERE ID_LINEA_CRON=1
DELETE FROM LINEA_CRON WHERE ID_LINEA_CRON=0
DELETE FROM PLANIFICACION WHERE ID_PLAN=0
SET SCHEMA SYSTEM_LOBS
DELETE FROM LOB_IDS WHERE LOB_ID=49
INSERT INTO LOB_IDS VALUES(49,11,0,40)
COMMIT
SET SCHEMA PUBLIC
DISCONNECT
/*C2*/SET SCHEMA PUBLIC
DISCONNECT
/*C1*/INSERT INTO LOB_IDS VALUES(50,11,0,40)
COMMIT
ALTER SEQUENCE SYSTEM_LOBS.LOB_ID RESTART WITH 51
DELETE FROM BLOCKS WHERE BLOCK_ADDR=49
INSERT INTO BLOCKS VALUES(49,1,0)
INSERT INTO BLOCKS VALUES(50,2147483597,0)
DELETE FROM BLOCKS WHERE BLOCK_ADDR=49
INSERT INTO LOBS VALUES(49,1,0,50)
COMMIT
/*C6*/SET SCHEMA PUBLIC
INSERT INTO CLIENTE VALUES(0,'Cliente',NULL)
INSERT INTO AGENTE VALUES(0,0,NULL,50)
INSERT INTO INFORME VALUES(1,'Nombre','DescLarga',0,'2015-01-11')
INSERT INTO INFORME VALUES(0,'Nombre','DescLarga',0,'2015-01-11')
INSERT INTO CONSULTA VALUES(0,'S',NULL,NULL,NULL,NULL,'DescCorta','DescLarga','2015-01-11')
INSERT INTO TIPO_DESTINO VALUES(0,'NombreCorto','Descripci\u00f3n')
INSERT INTO DESTINO VALUES(0,0,0)
INSERT INTO SNAPSHOT VALUES(0,0,0,0,'2015-01-11')
INSERT INTO PLANIFICACION VALUES(0,'2015-01-11',NULL)
INSERT INTO LINEA_CRON VALUES(0,0,'Descripcion','2015-01-11')
INSERT INTO LINEA_CRON VALUES(1,0,'Descripcion','2015-01-11')
INSERT INTO INF_PLAN_DEST VALUES(0,0,0,0,'2015-01-11','2015-01-11')
INSERT INTO AGENTE_DESTINO VALUES(0,0,0)
INSERT INTO INFORME_INFORME VALUES(1,0)
INSERT INTO CONSULTA_TIPO_DESTINO VALUES(0,0)
SET SCHEMA SYSTEM_LOBS
DELETE FROM LOB_IDS WHERE LOB_ID=50
INSERT INTO LOB_IDS VALUES(50,11,1,40)
COMMIT
SET SCHEMA PUBLIC
DELETE FROM AGENTE_DESTINO WHERE ID_AGENTE=0 AND ID_DESTINO=0 AND ID_CLIENTE=0
DELETE FROM INFORME_INFORME WHERE ID_INFORME_CONTIENE=1 AND ID_INFORME_CONTENIDO=0
DELETE FROM CONSULTA_TIPO_DESTINO WHERE ID_CONSULTA=0 AND ID_TIPO_DESTINO=0
DELETE FROM AGENTE WHERE AGENTE_ID=0
DELETE FROM INF_PLAN_DEST WHERE ID_INFORME=0 AND ID_CLIENTE=0 AND ID_DESTINO=0
DELETE FROM SNAPSHOT WHERE ID_SNAPSHOT=0 AND ID_CLIENTE=0 AND ID_DESTINO=0 AND ID_INFORME=0
DELETE FROM DESTINO WHERE ID_CLIENTE=0 AND ID_DESTINO=0
DELETE FROM CLIENTE WHERE ID_CLIENTE=0
DELETE FROM INFORME WHERE INFO_ID=0
DELETE FROM CONSULTA WHERE CONS_ID=0
DELETE FROM TIPO_DESTINO WHERE ID_TIPO_DESTINO=0
DELETE FROM INFORME WHERE INFO_ID=1
DELETE FROM LINEA_CRON WHERE ID_LINEA_CRON=1
DELETE FROM LINEA_CRON WHERE ID_LINEA_CRON=0
DELETE FROM PLANIFICACION WHERE ID_PLAN=0
SET SCHEMA SYSTEM_LOBS
DELETE FROM LOB_IDS WHERE LOB_ID=50
INSERT INTO LOB_IDS VALUES(50,11,0,40)
COMMIT
/*C1*/INSERT INTO LOB_IDS VALUES(51,11,0,40)
COMMIT
ALTER SEQUENCE SYSTEM_LOBS.LOB_ID RESTART WITH 52
DELETE FROM BLOCKS WHERE BLOCK_ADDR=50
INSERT INTO BLOCKS VALUES(50,1,0)
INSERT INTO BLOCKS VALUES(51,2147483596,0)
DELETE FROM BLOCKS WHERE BLOCK_ADDR=50
INSERT INTO LOBS VALUES(50,1,0,51)
COMMIT
/*C6*/SET SCHEMA PUBLIC
INSERT INTO CLIENTE VALUES(0,'Cliente',NULL)
INSERT INTO AGENTE VALUES(0,0,NULL,51)
INSERT INTO INFORME VALUES(1,'Nombre','DescLarga',0,'2015-01-11')
INSERT INTO INFORME VALUES(0,'Nombre','DescLarga',0,'2015-01-11')
INSERT INTO CONSULTA VALUES(0,'S',NULL,NULL,NULL,NULL,'DescCorta','DescLarga','2015-01-11')
INSERT INTO TIPO_DESTINO VALUES(0,'NombreCorto','Descripci\u00f3n')
INSERT INTO DESTINO VALUES(0,0,0)
INSERT INTO SNAPSHOT VALUES(0,0,0,0,'2015-01-11')
INSERT INTO PLANIFICACION VALUES(0,'2015-01-11',NULL)
INSERT INTO LINEA_CRON VALUES(0,0,'Descripcion','2015-01-11')
INSERT INTO LINEA_CRON VALUES(1,0,'Descripcion','2015-01-11')
INSERT INTO INF_PLAN_DEST VALUES(0,0,0,0,'2015-01-11','2015-01-11')
INSERT INTO AGENTE_DESTINO VALUES(0,0,0)
INSERT INTO INFORME_INFORME VALUES(1,0)
INSERT INTO CONSULTA_TIPO_DESTINO VALUES(0,0)
SET SCHEMA SYSTEM_LOBS
DELETE FROM LOB_IDS WHERE LOB_ID=51
INSERT INTO LOB_IDS VALUES(51,11,1,40)
COMMIT
SET SCHEMA PUBLIC
DELETE FROM AGENTE_DESTINO WHERE ID_AGENTE=0 AND ID_DESTINO=0 AND ID_CLIENTE=0
DELETE FROM INFORME_INFORME WHERE ID_INFORME_CONTIENE=1 AND ID_INFORME_CONTENIDO=0
DELETE FROM CONSULTA_TIPO_DESTINO WHERE ID_CONSULTA=0 AND ID_TIPO_DESTINO=0
DELETE FROM AGENTE WHERE AGENTE_ID=0
DELETE FROM INF_PLAN_DEST WHERE ID_INFORME=0 AND ID_CLIENTE=0 AND ID_DESTINO=0
DELETE FROM SNAPSHOT WHERE ID_SNAPSHOT=0 AND ID_CLIENTE=0 AND ID_DESTINO=0 AND ID_INFORME=0
DELETE FROM DESTINO WHERE ID_CLIENTE=0 AND ID_DESTINO=0
DELETE FROM CLIENTE WHERE ID_CLIENTE=0
DELETE FROM INFORME WHERE INFO_ID=0
DELETE FROM CONSULTA WHERE CONS_ID=0
DELETE FROM TIPO_DESTINO WHERE ID_TIPO_DESTINO=0
DELETE FROM INFORME WHERE INFO_ID=1
DELETE FROM LINEA_CRON WHERE ID_LINEA_CRON=1
DELETE FROM LINEA_CRON WHERE ID_LINEA_CRON=0
DELETE FROM PLANIFICACION WHERE ID_PLAN=0
SET SCHEMA SYSTEM_LOBS
DELETE FROM LOB_IDS WHERE LOB_ID=51
INSERT INTO LOB_IDS VALUES(51,11,0,40)
COMMIT
/*C1*/INSERT INTO LOB_IDS VALUES(52,11,0,40)
COMMIT
ALTER SEQUENCE SYSTEM_LOBS.LOB_ID RESTART WITH 53
DELETE FROM BLOCKS WHERE BLOCK_ADDR=51
INSERT INTO BLOCKS VALUES(51,1,0)
INSERT INTO BLOCKS VALUES(52,2147483595,0)
DELETE FROM BLOCKS WHERE BLOCK_ADDR=51
INSERT INTO LOBS VALUES(51,1,0,52)
COMMIT
/*C6*/SET SCHEMA PUBLIC
INSERT INTO CLIENTE VALUES(0,'Cliente',NULL)
INSERT INTO AGENTE VALUES(0,0,NULL,52)
INSERT INTO INFORME VALUES(1,'Nombre','DescLarga',0,'2015-01-11')
INSERT INTO INFORME VALUES(0,'Nombre','DescLarga',0,'2015-01-11')
INSERT INTO CONSULTA VALUES(0,'S',NULL,NULL,NULL,NULL,'DescCorta','DescLarga','2015-01-11')
INSERT INTO TIPO_DESTINO VALUES(0,'NombreCorto','Descripci\u00f3n')
INSERT INTO DESTINO VALUES(0,0,0)
INSERT INTO SNAPSHOT VALUES(0,0,0,0,'2015-01-11')
INSERT INTO PLANIFICACION VALUES(0,'2015-01-11',NULL)
INSERT INTO LINEA_CRON VALUES(0,0,'Descripcion','2015-01-11')
INSERT INTO LINEA_CRON VALUES(1,0,'Descripcion','2015-01-11')
INSERT INTO INF_PLAN_DEST VALUES(0,0,0,0,'2015-01-11','2015-01-11')
INSERT INTO AGENTE_DESTINO VALUES(0,0,0)
INSERT INTO INFORME_INFORME VALUES(1,0)
INSERT INTO CONSULTA_TIPO_DESTINO VALUES(0,0)
SET SCHEMA SYSTEM_LOBS
DELETE FROM LOB_IDS WHERE LOB_ID=52
INSERT INTO LOB_IDS VALUES(52,11,1,40)
COMMIT
SET SCHEMA PUBLIC
DELETE FROM AGENTE_DESTINO WHERE ID_AGENTE=0 AND ID_DESTINO=0 AND ID_CLIENTE=0
DELETE FROM INFORME_INFORME WHERE ID_INFORME_CONTIENE=1 AND ID_INFORME_CONTENIDO=0
DELETE FROM CONSULTA_TIPO_DESTINO WHERE ID_CONSULTA=0 AND ID_TIPO_DESTINO=0
DELETE FROM AGENTE WHERE AGENTE_ID=0
DELETE FROM INF_PLAN_DEST WHERE ID_INFORME=0 AND ID_CLIENTE=0 AND ID_DESTINO=0
DELETE FROM SNAPSHOT WHERE ID_SNAPSHOT=0 AND ID_CLIENTE=0 AND ID_DESTINO=0 AND ID_INFORME=0
DELETE FROM DESTINO WHERE ID_CLIENTE=0 AND ID_DESTINO=0
DELETE FROM CLIENTE WHERE ID_CLIENTE=0
DELETE FROM INFORME WHERE INFO_ID=0
DELETE FROM CONSULTA WHERE CONS_ID=0
DELETE FROM TIPO_DESTINO WHERE ID_TIPO_DESTINO=0
DELETE FROM INFORME WHERE INFO_ID=1
DELETE FROM LINEA_CRON WHERE ID_LINEA_CRON=0
DELETE FROM LINEA_CRON WHERE ID_LINEA_CRON=1
DELETE FROM PLANIFICACION WHERE ID_PLAN=0
SET SCHEMA SYSTEM_LOBS
DELETE FROM LOB_IDS WHERE LOB_ID=52
INSERT INTO LOB_IDS VALUES(52,11,0,40)
COMMIT
SET SCHEMA PUBLIC
DISCONNECT
/*C7*/SET SCHEMA PUBLIC
DISCONNECT
/*C1*/INSERT INTO LOB_IDS VALUES(53,11,0,40)
COMMIT
ALTER SEQUENCE SYSTEM_LOBS.LOB_ID RESTART WITH 54
DELETE FROM BLOCKS WHERE BLOCK_ADDR=52
INSERT INTO BLOCKS VALUES(52,1,0)
INSERT INTO BLOCKS VALUES(53,2147483594,0)
DELETE FROM BLOCKS WHERE BLOCK_ADDR=52
INSERT INTO LOBS VALUES(52,1,0,53)
COMMIT
/*C8*/SET SCHEMA PUBLIC
INSERT INTO CLIENTE VALUES(0,'Cliente',NULL)
INSERT INTO AGENTE VALUES(0,0,NULL,53)
INSERT INTO INFORME VALUES(1,'Nombre','DescLarga',0,'2015-01-11')
INSERT INTO INFORME VALUES(0,'Nombre','DescLarga',0,'2015-01-11')
INSERT INTO CONSULTA VALUES(0,'S',NULL,NULL,NULL,NULL,'DescCorta','DescLarga','2015-01-11')
INSERT INTO TIPO_DESTINO VALUES(0,'NombreCorto','Descripci\u00f3n')
INSERT INTO DESTINO VALUES(0,0,0)
INSERT INTO SNAPSHOT VALUES(0,0,0,0,'2015-01-11')
INSERT INTO PLANIFICACION VALUES(0,'2015-01-11',NULL)
INSERT INTO LINEA_CRON VALUES(0,0,'Descripcion','2015-01-11')
INSERT INTO LINEA_CRON VALUES(1,0,'Descripcion','2015-01-11')
INSERT INTO INF_PLAN_DEST VALUES(0,0,0,0,'2015-01-11','2015-01-11')
INSERT INTO AGENTE_DESTINO VALUES(0,0,0)
INSERT INTO INFORME_INFORME VALUES(1,0)
INSERT INTO CONSULTA_TIPO_DESTINO VALUES(0,0)
SET SCHEMA SYSTEM_LOBS
DELETE FROM LOB_IDS WHERE LOB_ID=53
INSERT INTO LOB_IDS VALUES(53,11,1,40)
COMMIT
SET SCHEMA PUBLIC
DELETE FROM AGENTE_DESTINO WHERE ID_AGENTE=0 AND ID_DESTINO=0 AND ID_CLIENTE=0
DELETE FROM INFORME_INFORME WHERE ID_INFORME_CONTIENE=1 AND ID_INFORME_CONTENIDO=0
DELETE FROM CONSULTA_TIPO_DESTINO WHERE ID_CONSULTA=0 AND ID_TIPO_DESTINO=0
DELETE FROM AGENTE WHERE AGENTE_ID=0
DELETE FROM INF_PLAN_DEST WHERE ID_INFORME=0 AND ID_CLIENTE=0 AND ID_DESTINO=0
DELETE FROM SNAPSHOT WHERE ID_SNAPSHOT=0 AND ID_CLIENTE=0 AND ID_DESTINO=0 AND ID_INFORME=0
DELETE FROM DESTINO WHERE ID_CLIENTE=0 AND ID_DESTINO=0
DELETE FROM CLIENTE WHERE ID_CLIENTE=0
DELETE FROM INFORME WHERE INFO_ID=0
DELETE FROM CONSULTA WHERE CONS_ID=0
DELETE FROM TIPO_DESTINO WHERE ID_TIPO_DESTINO=0
DELETE FROM INFORME WHERE INFO_ID=1
DELETE FROM LINEA_CRON WHERE ID_LINEA_CRON=1
DELETE FROM LINEA_CRON WHERE ID_LINEA_CRON=0
DELETE FROM PLANIFICACION WHERE ID_PLAN=0
SET SCHEMA SYSTEM_LOBS
DELETE FROM LOB_IDS WHERE LOB_ID=53
INSERT INTO LOB_IDS VALUES(53,11,0,40)
COMMIT
/*C1*/INSERT INTO LOB_IDS VALUES(54,11,0,40)
COMMIT
ALTER SEQUENCE SYSTEM_LOBS.LOB_ID RESTART WITH 55
DELETE FROM BLOCKS WHERE BLOCK_ADDR=53
INSERT INTO BLOCKS VALUES(53,1,0)
INSERT INTO BLOCKS VALUES(54,2147483593,0)
DELETE FROM BLOCKS WHERE BLOCK_ADDR=53
INSERT INTO LOBS VALUES(53,1,0,54)
COMMIT
/*C8*/SET SCHEMA PUBLIC
INSERT INTO CLIENTE VALUES(0,'Cliente',NULL)
INSERT INTO AGENTE VALUES(0,0,NULL,54)
INSERT INTO INFORME VALUES(1,'Nombre','DescLarga',0,'2015-01-11')
INSERT INTO INFORME VALUES(0,'Nombre','DescLarga',0,'2015-01-11')
INSERT INTO CONSULTA VALUES(0,'S',NULL,NULL,NULL,NULL,'DescCorta','DescLarga','2015-01-11')
INSERT INTO TIPO_DESTINO VALUES(0,'NombreCorto','Descripci\u00f3n')
INSERT INTO DESTINO VALUES(0,0,0)
INSERT INTO SNAPSHOT VALUES(0,0,0,0,'2015-01-11')
INSERT INTO PLANIFICACION VALUES(0,'2015-01-11',NULL)
INSERT INTO LINEA_CRON VALUES(0,0,'Descripcion','2015-01-11')
INSERT INTO LINEA_CRON VALUES(1,0,'Descripcion','2015-01-11')
INSERT INTO INF_PLAN_DEST VALUES(0,0,0,0,'2015-01-11','2015-01-11')
INSERT INTO AGENTE_DESTINO VALUES(0,0,0)
INSERT INTO INFORME_INFORME VALUES(1,0)
INSERT INTO CONSULTA_TIPO_DESTINO VALUES(0,0)
SET SCHEMA SYSTEM_LOBS
DELETE FROM LOB_IDS WHERE LOB_ID=54
INSERT INTO LOB_IDS VALUES(54,11,1,40)
COMMIT
SET SCHEMA PUBLIC
DELETE FROM AGENTE_DESTINO WHERE ID_AGENTE=0 AND ID_DESTINO=0 AND ID_CLIENTE=0
DELETE FROM INFORME_INFORME WHERE ID_INFORME_CONTIENE=1 AND ID_INFORME_CONTENIDO=0
DELETE FROM CONSULTA_TIPO_DESTINO WHERE ID_CONSULTA=0 AND ID_TIPO_DESTINO=0
DELETE FROM AGENTE WHERE AGENTE_ID=0
DELETE FROM INF_PLAN_DEST WHERE ID_INFORME=0 AND ID_CLIENTE=0 AND ID_DESTINO=0
DELETE FROM SNAPSHOT WHERE ID_SNAPSHOT=0 AND ID_CLIENTE=0 AND ID_DESTINO=0 AND ID_INFORME=0
DELETE FROM DESTINO WHERE ID_CLIENTE=0 AND ID_DESTINO=0
DELETE FROM CLIENTE WHERE ID_CLIENTE=0
DELETE FROM INFORME WHERE INFO_ID=0
DELETE FROM CONSULTA WHERE CONS_ID=0
DELETE FROM TIPO_DESTINO WHERE ID_TIPO_DESTINO=0
DELETE FROM INFORME WHERE INFO_ID=1
DELETE FROM LINEA_CRON WHERE ID_LINEA_CRON=0
DELETE FROM LINEA_CRON WHERE ID_LINEA_CRON=1
DELETE FROM PLANIFICACION WHERE ID_PLAN=0
SET SCHEMA SYSTEM_LOBS
DELETE FROM LOB_IDS WHERE LOB_ID=54
INSERT INTO LOB_IDS VALUES(54,11,0,40)
COMMIT
/*C1*/INSERT INTO LOB_IDS VALUES(55,11,0,40)
COMMIT
ALTER SEQUENCE SYSTEM_LOBS.LOB_ID RESTART WITH 56
DELETE FROM BLOCKS WHERE BLOCK_ADDR=54
INSERT INTO BLOCKS VALUES(54,1,0)
INSERT INTO BLOCKS VALUES(55,2147483592,0)
DELETE FROM BLOCKS WHERE BLOCK_ADDR=54
INSERT INTO LOBS VALUES(54,1,0,55)
COMMIT
/*C8*/SET SCHEMA PUBLIC
INSERT INTO CLIENTE VALUES(0,'Cliente',NULL)
INSERT INTO AGENTE VALUES(0,0,NULL,55)
INSERT INTO INFORME VALUES(1,'Nombre','DescLarga',0,'2015-01-11')
INSERT INTO INFORME VALUES(0,'Nombre','DescLarga',0,'2015-01-11')
INSERT INTO CONSULTA VALUES(0,'S',NULL,NULL,NULL,NULL,'DescCorta','DescLarga','2015-01-11')
INSERT INTO TIPO_DESTINO VALUES(0,'NombreCorto','Descripci\u00f3n')
INSERT INTO DESTINO VALUES(0,0,0)
INSERT INTO SNAPSHOT VALUES(0,0,0,0,'2015-01-11')
INSERT INTO PLANIFICACION VALUES(0,'2015-01-11',NULL)
INSERT INTO LINEA_CRON VALUES(0,0,'Descripcion','2015-01-11')
INSERT INTO LINEA_CRON VALUES(1,0,'Descripcion','2015-01-11')
INSERT INTO INF_PLAN_DEST VALUES(0,0,0,0,'2015-01-11','2015-01-11')
INSERT INTO AGENTE_DESTINO VALUES(0,0,0)
INSERT INTO INFORME_INFORME VALUES(1,0)
INSERT INTO CONSULTA_TIPO_DESTINO VALUES(0,0)
SET SCHEMA SYSTEM_LOBS
DELETE FROM LOB_IDS WHERE LOB_ID=55
INSERT INTO LOB_IDS VALUES(55,11,1,40)
COMMIT
SET SCHEMA PUBLIC
DELETE FROM AGENTE_DESTINO WHERE ID_AGENTE=0 AND ID_DESTINO=0 AND ID_CLIENTE=0
DELETE FROM INFORME_INFORME WHERE ID_INFORME_CONTIENE=1 AND ID_INFORME_CONTENIDO=0
DELETE FROM CONSULTA_TIPO_DESTINO WHERE ID_CONSULTA=0 AND ID_TIPO_DESTINO=0
DELETE FROM AGENTE WHERE AGENTE_ID=0
DELETE FROM INF_PLAN_DEST WHERE ID_INFORME=0 AND ID_CLIENTE=0 AND ID_DESTINO=0
DELETE FROM SNAPSHOT WHERE ID_SNAPSHOT=0 AND ID_CLIENTE=0 AND ID_DESTINO=0 AND ID_INFORME=0
DELETE FROM DESTINO WHERE ID_CLIENTE=0 AND ID_DESTINO=0
DELETE FROM CLIENTE WHERE ID_CLIENTE=0
DELETE FROM INFORME WHERE INFO_ID=0
DELETE FROM CONSULTA WHERE CONS_ID=0
DELETE FROM TIPO_DESTINO WHERE ID_TIPO_DESTINO=0
DELETE FROM INFORME WHERE INFO_ID=1
DELETE FROM LINEA_CRON WHERE ID_LINEA_CRON=0
DELETE FROM LINEA_CRON WHERE ID_LINEA_CRON=1
DELETE FROM PLANIFICACION WHERE ID_PLAN=0
SET SCHEMA SYSTEM_LOBS
DELETE FROM LOB_IDS WHERE LOB_ID=55
INSERT INTO LOB_IDS VALUES(55,11,0,40)
COMMIT
SET SCHEMA PUBLIC
DISCONNECT
